<?xml version="1.0" encoding="UTF-8"?>
<testsuite name="com.example.MyJavaAppApplicationTests" tests="1" skipped="0" failures="0" errors="0" timestamp="2025-08-24T06:32:05.436Z" hostname="PRELY" time="0.394">
  <properties/>
  <testcase name="contextLoads()" classname="com.example.MyJavaAppApplicationTests" time="0.394"/>
  <system-out><![CDATA[15:32:04.623 [Test worker] INFO org.springframework.test.context.support.AnnotationConfigContextLoaderUtils -- Could not detect default configuration classes for test class [com.example.MyJavaAppApplicationTests]: MyJavaAppApplicationTests does not declare any static, non-private, non-final, nested classes annotated with @Configuration.
15:32:04.676 [Test worker] INFO org.springframework.boot.test.context.SpringBootTestContextBootstrapper -- Found @SpringBootConfiguration com.example.MyJavaAppApplication for test class com.example.MyJavaAppApplicationTests

  .   ____          _            __ _ _
 /\\ / ___'_ __ _ _(_)_ __  __ _ \ \ \ \
( ( )\___ | '_ | '_| | '_ \/ _` | \ \ \ \
 \\/  ___)| |_)| | | | | || (_| |  ) ) ) )
  '  |____| .__|_| |_|_| |_\__, | / / / /
 =========|_|==============|___/=/_/_/_/
 :: Spring Boot ::                (v3.1.0)

2025-08-24T15:32:04.884+09:00  INFO 26492 --- [    Test worker] com.example.MyJavaAppApplicationTests    : Starting MyJavaAppApplicationTests using Java 17.0.11 with PID 26492 (started by restp in C:\pleiades\2024-06\workspace2\my-java-app)
2025-08-24T15:32:04.885+09:00  INFO 26492 --- [    Test worker] com.example.MyJavaAppApplicationTests    : No active profile set, falling back to 1 default profile: "default"
2025-08-24T15:32:05.427+09:00  INFO 26492 --- [    Test worker] com.example.MyJavaAppApplicationTests    : Started MyJavaAppApplicationTests in 0.666 seconds (process running for 1.223)
]]></system-out>
  <system-err><![CDATA[]]></system-err>
</testsuite>
